<?xml version="1.0" encoding="UTF-8"?>
<!-- Generated by org.testng.reporters.JUnitReportReporter -->
<testsuite hostname="LAPTOP-CLFCU99T" failures="0" tests="10" name="test.swag_labs.negative_swaglab" time="12.369" errors="0" timestamp="2026-02-24T13:53:34 IST" skipped="0">
  <testcase classname="test.swag_labs.negative_swaglab" name="launch" time="4.110"/>
  <testcase classname="test.swag_labs.negative_swaglab" name="login" time="0.597"/>
  <testcase classname="test.swag_labs.negative_swaglab" name="logout" time="0.479"/>
  <testcase classname="test.swag_labs.negative_swaglab" name="addtocart" time="2.284"/>
  <testcase classname="test.swag_labs.negative_swaglab" name="addall" time="0.856"/>
  <testcase classname="test.swag_labs.negative_swaglab" name="checkoutcart" time="0.422"/>
  <testcase classname="test.swag_labs.negative_swaglab" name="credentials" time="0.434"/>
  <testcase classname="test.swag_labs.negative_swaglab" name="finalcheckout" time="0.912"/>
  <testcase classname="test.swag_labs.negative_swaglab" name="finish" time="1.672"/>
  <testcase classname="test.swag_labs.negative_swaglab" name="backhome" time="0.603"/>
</testsuite> <!-- test.swag_labs.negative_swaglab -->
