<?xml version="1.0" encoding="UTF-8"?>
<!-- Generated by org.testng.reporters.JUnitXMLReporter -->
<testsuite ignored="0" hostname="LAPTOP-CLFCU99T" failures="0" tests="11" name="Default test" time="12.291" errors="0" timestamp="2026-02-24T13:56:25 IST">
  <testcase classname="test.swag_labs.swaglabs" name="launch" time="3.764"/>
  <testcase classname="test.swag_labs.swaglabs" name="login" time="0.625"/>
  <testcase classname="test.swag_labs.swaglabs" name="logout" time="0.514"/>
  <testcase classname="test.swag_labs.swaglabs" name="menu" time="1.394"/>
  <testcase classname="test.swag_labs.swaglabs" name="addcart" time="0.827"/>
  <testcase classname="test.swag_labs.swaglabs" name="addall" time="0.942"/>
  <testcase classname="test.swag_labs.swaglabs" name="checkout" time="0.37"/>
  <testcase classname="test.swag_labs.swaglabs" name="credentials" time="0.493"/>
  <testcase classname="test.swag_labs.swaglabs" name="finalchekout" time="1.21"/>
  <testcase classname="test.swag_labs.swaglabs" name="finish" time="1.672"/>
  <testcase classname="test.swag_labs.swaglabs" name="media" time="0.36"/>
</testsuite> <!-- Default test -->
