<?xml version="1.0" encoding="UTF-8"?>
<testng-results ignored="0" total="11" passed="11" failed="0" skipped="0">
  <reporter-output>
  </reporter-output>
  <suite started-at="2026-02-24T13:56:12 IST" name="Default suite" finished-at="2026-02-24T13:56:25 IST" duration-ms="12291">
    <groups>
    </groups>
    <test started-at="2026-02-24T13:56:12 IST" name="Default test" finished-at="2026-02-24T13:56:25 IST" duration-ms="12291">
      <class name="test.swag_labs.swaglabs">
        <test-method signature="launch()[pri:1, instance:test.swag_labs.swaglabs@2d901eb0]" started-at="2026-02-24T13:56:12 IST" name="launch" finished-at="2026-02-24T13:56:16 IST" duration-ms="3764" status="PASS">
          <reporter-output>
          </reporter-output>
        </test-method> <!-- launch -->
        <test-method signature="login()[pri:2, instance:test.swag_labs.swaglabs@2d901eb0]" started-at="2026-02-24T13:56:16 IST" name="login" finished-at="2026-02-24T13:56:17 IST" duration-ms="625" status="PASS">
          <reporter-output>
          </reporter-output>
        </test-method> <!-- login -->
        <test-method signature="logout()[pri:3, instance:test.swag_labs.swaglabs@2d901eb0]" started-at="2026-02-24T13:56:17 IST" name="logout" finished-at="2026-02-24T13:56:17 IST" duration-ms="514" status="PASS">
          <reporter-output>
          </reporter-output>
        </test-method> <!-- logout -->
        <test-method signature="menu()[pri:4, instance:test.swag_labs.swaglabs@2d901eb0]" started-at="2026-02-24T13:56:17 IST" name="menu" finished-at="2026-02-24T13:56:19 IST" duration-ms="1394" status="PASS">
          <reporter-output>
          </reporter-output>
        </test-method> <!-- menu -->
        <test-method signature="addcart()[pri:5, instance:test.swag_labs.swaglabs@2d901eb0]" started-at="2026-02-24T13:56:19 IST" name="addcart" finished-at="2026-02-24T13:56:20 IST" duration-ms="827" status="PASS">
          <reporter-output>
          </reporter-output>
        </test-method> <!-- addcart -->
        <test-method signature="addall()[pri:6, instance:test.swag_labs.swaglabs@2d901eb0]" started-at="2026-02-24T13:56:20 IST" name="addall" finished-at="2026-02-24T13:56:20 IST" duration-ms="942" status="PASS">
          <reporter-output>
          </reporter-output>
        </test-method> <!-- addall -->
        <test-method signature="checkout()[pri:7, instance:test.swag_labs.swaglabs@2d901eb0]" started-at="2026-02-24T13:56:21 IST" name="checkout" finished-at="2026-02-24T13:56:21 IST" duration-ms="370" status="PASS">
          <reporter-output>
          </reporter-output>
        </test-method> <!-- checkout -->
        <test-method signature="credentials()[pri:8, instance:test.swag_labs.swaglabs@2d901eb0]" started-at="2026-02-24T13:56:21 IST" name="credentials" finished-at="2026-02-24T13:56:21 IST" duration-ms="493" status="PASS">
          <reporter-output>
          </reporter-output>
        </test-method> <!-- credentials -->
        <test-method signature="finalchekout()[pri:9, instance:test.swag_labs.swaglabs@2d901eb0]" started-at="2026-02-24T13:56:21 IST" name="finalchekout" finished-at="2026-02-24T13:56:23 IST" duration-ms="1210" status="PASS">
          <reporter-output>
          </reporter-output>
        </test-method> <!-- finalchekout -->
        <test-method signature="finish()[pri:10, instance:test.swag_labs.swaglabs@2d901eb0]" started-at="2026-02-24T13:56:23 IST" name="finish" finished-at="2026-02-24T13:56:24 IST" duration-ms="1672" status="PASS">
          <reporter-output>
          </reporter-output>
        </test-method> <!-- finish -->
        <test-method signature="media()[pri:11, instance:test.swag_labs.swaglabs@2d901eb0]" started-at="2026-02-24T13:56:24 IST" name="media" finished-at="2026-02-24T13:56:25 IST" duration-ms="360" status="PASS">
          <reporter-output>
          </reporter-output>
        </test-method> <!-- media -->
      </class> <!-- test.swag_labs.swaglabs -->
    </test> <!-- Default test -->
  </suite> <!-- Default suite -->
</testng-results>
